Using pre-set license
Built from '6000.0/staging' branch; Version is '6000.0.36f1 (9fe3b5f71dbb) revision 10478517'; Using compiler version '193933523'; Build Type 'Release'
OS: 'Windows 11  (10.0.22631) 64bit Education' Language: 'fr' Physical Memory: 15693 MB
BatchMode: 1, IsHumanControllingUs: 0, StartBugReporterOnCrash: 0, Is64bit: 1, IsPro: 1

COMMAND LINE ARGUMENTS:
C:\Program Files\Unity\Hub\Editor\6000.0.36f1\Editor\Unity.exe
-adb2
-batchMode
-noUpm
-name
AssetImportWorker3
-projectPath
C:/perso/ynov/unity/Dungeon
-logFile
Logs/AssetImportWorker3.log
-srvPort
61515
-job-worker-count
7
-background-job-worker-count
8
-gc-helper-count
1
Successfully changed project path to: C:/perso/ynov/unity/Dungeon
C:/perso/ynov/unity/Dungeon
[UnityMemory] Configuration Parameters - Can be set up in boot.config
    "memorysetup-bucket-allocator-granularity=16"
    "memorysetup-bucket-allocator-bucket-count=8"
    "memorysetup-bucket-allocator-block-size=33554432"
    "memorysetup-bucket-allocator-block-count=8"
    "memorysetup-main-allocator-block-size=16777216"
    "memorysetup-thread-allocator-block-size=16777216"
    "memorysetup-gfx-main-allocator-block-size=16777216"
    "memorysetup-gfx-thread-allocator-block-size=16777216"
    "memorysetup-cache-allocator-block-size=4194304"
    "memorysetup-typetree-allocator-block-size=2097152"
    "memorysetup-profiler-bucket-allocator-granularity=16"
    "memorysetup-profiler-bucket-allocator-bucket-count=8"
    "memorysetup-profiler-bucket-allocator-block-size=33554432"
    "memorysetup-profiler-bucket-allocator-block-count=8"
    "memorysetup-profiler-allocator-block-size=16777216"
    "memorysetup-profiler-editor-allocator-block-size=1048576"
    "memorysetup-temp-allocator-size-main=16777216"
    "memorysetup-job-temp-allocator-block-size=2097152"
    "memorysetup-job-temp-allocator-block-size-background=1048576"
    "memorysetup-job-temp-allocator-reduction-small-platforms=262144"
    "memorysetup-allocator-temp-initial-block-size-main=262144"
    "memorysetup-allocator-temp-initial-block-size-worker=262144"
    "memorysetup-temp-allocator-size-background-worker=32768"
    "memorysetup-temp-allocator-size-job-worker=262144"
    "memorysetup-temp-allocator-size-preload-manager=33554432"
    "memorysetup-temp-allocator-size-nav-mesh-worker=65536"
    "memorysetup-temp-allocator-size-audio-worker=65536"
    "memorysetup-temp-allocator-size-cloud-worker=32768"
    "memorysetup-temp-allocator-size-gi-baking-worker=262144"
    "memorysetup-temp-allocator-size-gi-baking-worker=262144"
    "memorysetup-temp-allocator-size-gi-baking-worker=262144"
    "memorysetup-temp-allocator-size-gi-baking-worker=262144"
    "memorysetup-temp-allocator-size-gi-baking-worker=262144"
    "memorysetup-temp-allocator-size-gfx=262144"
Player connection [23336]  Target information:

Player connection [23336]  * "[IP] 172.25.32.1 [Port] 0 [Flags] 2 [Guid] 2263177556 [EditorId] 2263177556 [Version] 1048832 [Id] WindowsEditor(7,LUCAS) [Debug] 1 [PackageName] WindowsEditor [ProjectName] Editor" 

Player connection [23336]  * "[IP] 192.168.56.1 [Port] 0 [Flags] 2 [Guid] 2263177556 [EditorId] 2263177556 [Version] 1048832 [Id] WindowsEditor(7,LUCAS) [Debug] 1 [PackageName] WindowsEditor [ProjectName] Editor" 

Player connection [23336]  * "[IP] 192.168.254.1 [Port] 0 [Flags] 2 [Guid] 2263177556 [EditorId] 2263177556 [Version] 1048832 [Id] WindowsEditor(7,LUCAS) [Debug] 1 [PackageName] WindowsEditor [ProjectName] Editor" 

Player connection [23336]  * "[IP] 169.254.56.215 [Port] 0 [Flags] 2 [Guid] 2263177556 [EditorId] 2263177556 [Version] 1048832 [Id] WindowsEditor(7,LUCAS) [Debug] 1 [PackageName] WindowsEditor [ProjectName] Editor" 

Player connection [23336]  * "[IP] 169.254.112.1 [Port] 0 [Flags] 2 [Guid] 2263177556 [EditorId] 2263177556 [Version] 1048832 [Id] WindowsEditor(7,LUCAS) [Debug] 1 [PackageName] WindowsEditor [ProjectName] Editor" 

Player connection [23336]  * "[IP] 192.168.1.84 [Port] 0 [Flags] 2 [Guid] 2263177556 [EditorId] 2263177556 [Version] 1048832 [Id] WindowsEditor(7,LUCAS) [Debug] 1 [PackageName] WindowsEditor [ProjectName] Editor" 

Unable to join player connection multicast group (err: 10013).
Player connection [23336] Host joined alternative multi-casting on [225.0.0.222:34997]...
JobSystem: Creating JobQueue using job-worker-count value 7
Input System module state changed to: Initialized.
[Physics::Module] Initialized fallback backend.
[Physics::Module] Id: 0xdecafbad
Library Redirect Path: Library/
[Physics::Module] Selected backend.
[Physics::Module] Name: PhysX
[Physics::Module] Id: 0xf2b8ea05
[Physics::Module] SDK Version: 4.1.2
[Physics::Module] Integration Version: 1.0.0
[Physics::Module] Threading Mode: Multi-Threaded
Refreshing native plugins compatible for Editor in 240.85 ms, found 4 plugins.
Preloading 0 native plugins for Editor in 0.00 ms.
Initialize engine version: 6000.0.36f1 (9fe3b5f71dbb)
[Subsystems] Discovering subsystems at path C:/Program Files/Unity/Hub/Editor/6000.0.36f1/Editor/Data/Resources/UnitySubsystems
[Subsystems] Discovering subsystems at path C:/perso/ynov/unity/Dungeon/Assets
GfxDevice: creating device client; kGfxThreadingModeNonThreaded
Direct3D:
    Version:  Direct3D 11.0 [level 11.1]
    Renderer: AMD Radeon(TM) Graphics (ID=0x164c)
    Vendor:   ATI
    VRAM:     7846 MB
    Driver:   31.0.21910.4002
Initialize mono
Mono path[0] = 'C:/Program Files/Unity/Hub/Editor/6000.0.36f1/Editor/Data/Managed'
Mono path[1] = 'C:/Program Files/Unity/Hub/Editor/6000.0.36f1/Editor/Data/MonoBleedingEdge/lib/mono/unityjit-win32'
Mono config path = 'C:/Program Files/Unity/Hub/Editor/6000.0.36f1/Editor/Data/MonoBleedingEdge/etc'
Using monoOptions --debugger-agent=transport=dt_socket,embedding=1,server=y,suspend=n,address=127.0.0.1:56752
Begin MonoManager ReloadAssembly
Registering precompiled unity dll's ...
Register platform support module: C:/Program Files/Unity/Hub/Editor/6000.0.36f1/Editor/Data/PlaybackEngines/WindowsStandaloneSupport/UnityEditor.WindowsStandalone.Extensions.dll
Registered in 0.003594 seconds.
- Loaded All Assemblies, in  1.569 seconds
Native extension for WindowsStandalone target not found
Mono: successfully reloaded assembly
- Finished resetting the current domain, in  0.642 seconds
Domain Reload Profiling: 2209ms
	BeginReloadAssembly (196ms)
		ExecutionOrderSort (0ms)
		DisableScriptedObjects (0ms)
		BackupInstance (0ms)
		ReleaseScriptingObjects (0ms)
		CreateAndSetChildDomain (1ms)
	RebuildCommonClasses (258ms)
	RebuildNativeTypeToScriptingClass (20ms)
	initialDomainReloadingComplete (62ms)
	LoadAllAssembliesAndSetupDomain (1028ms)
		LoadAssemblies (193ms)
		RebuildTransferFunctionScriptingTraits (0ms)
		AnalyzeDomain (1025ms)
			TypeCache.Refresh (1021ms)
				TypeCache.ScanAssembly (997ms)
			BuildScriptInfoCaches (0ms)
			ResolveRequiredComponents (1ms)
	FinalizeReload (643ms)
		ReleaseScriptCaches (0ms)
		RebuildScriptCaches (0ms)
		SetupLoadedEditorAssemblies (547ms)
			LogAssemblyErrors (0ms)
			InitializePlatformSupportModulesInManaged (46ms)
			SetLoadedEditorAssemblies (9ms)
			BeforeProcessingInitializeOnLoad (97ms)
			ProcessInitializeOnLoadAttributes (269ms)
			ProcessInitializeOnLoadMethodAttributes (125ms)
			AfterProcessingInitializeOnLoad (0ms)
			EditorAssembliesLoaded (0ms)
		ExecutionOrderSort2 (0ms)
		AwakeInstancesAfterBackupRestoration (0ms)
========================================================================
Worker process is ready to serve import requests
Import Worker Mode flag is 0x00
Begin MonoManager ReloadAssembly
- Loaded All Assemblies, in  1.477 seconds
Refreshing native plugins compatible for Editor in 7.49 ms, found 4 plugins.
Native extension for WindowsStandalone target not found
Mono: successfully reloaded assembly
- Finished resetting the current domain, in  2.055 seconds
Domain Reload Profiling: 3526ms
	BeginReloadAssembly (226ms)
		ExecutionOrderSort (0ms)
		DisableScriptedObjects (10ms)
		BackupInstance (0ms)
		ReleaseScriptingObjects (0ms)
		CreateAndSetChildDomain (41ms)
	RebuildCommonClasses (46ms)
	RebuildNativeTypeToScriptingClass (14ms)
	initialDomainReloadingComplete (53ms)
	LoadAllAssembliesAndSetupDomain (1130ms)
		LoadAssemblies (812ms)
		RebuildTransferFunctionScriptingTraits (0ms)
		AnalyzeDomain (449ms)
			TypeCache.Refresh (361ms)
				TypeCache.ScanAssembly (259ms)
			BuildScriptInfoCaches (70ms)
			ResolveRequiredComponents (14ms)
	FinalizeReload (2056ms)
		ReleaseScriptCaches (0ms)
		RebuildScriptCaches (0ms)
		SetupLoadedEditorAssemblies (1452ms)
			LogAssemblyErrors (0ms)
			InitializePlatformSupportModulesInManaged (3ms)
			SetLoadedEditorAssemblies (8ms)
			BeforeProcessingInitializeOnLoad (299ms)
			ProcessInitializeOnLoadAttributes (905ms)
			ProcessInitializeOnLoadMethodAttributes (228ms)
			AfterProcessingInitializeOnLoad (8ms)
			EditorAssembliesLoaded (1ms)
		ExecutionOrderSort2 (0ms)
		AwakeInstancesAfterBackupRestoration (11ms)
Launched and connected shader compiler UnityShaderCompiler.exe after 0.07 seconds
Refreshing native plugins compatible for Editor in 2.43 ms, found 4 plugins.
Preloading 0 native plugins for Editor in 0.00 ms.
Unloading 223 Unused Serialized files (Serialized files now loaded: 0)
Unloading 6690 unused Assets / (4.4 MB). Loaded Objects now: 7379.
Memory consumption went from 168.7 MB to 164.2 MB.
Total: 12.751700 ms (FindLiveObjects: 1.091600 ms CreateObjectMapping: 1.088400 ms MarkObjects: 6.585200 ms  DeleteObjects: 3.983900 ms)

========================================================================
Received Import Request.
  Time since last request: 871249.036928 seconds.
  path: Assets/Sprites/Effect/Flame/Flame 6/png_03.png
  artifactKey: Guid(a34b2d9ad8b786f49b200117aa34051e) Importer(815301076,1909f56bfc062723c751e8b465ee728b)
Start importing Assets/Sprites/Effect/Flame/Flame 6/png_03.png using Guid(a34b2d9ad8b786f49b200117aa34051e) Importer(815301076,1909f56bfc062723c751e8b465ee728b) (PreviewImporter) -> (artifact id: 'b45b85745f58a462ed376404772e9faf') in 0.2281425 seconds
Number of updated asset objects reloaded before import = 0Number of asset objects unloaded after import = 8

========================================================================
Received Import Request.
  Time since last request: 0.000099 seconds.
  path: Assets/Sprites/Effect/Flame/Flame 6/png_09.png
  artifactKey: Guid(c1d0ffdc26700d344ac6562da14aa6e9) Importer(815301076,1909f56bfc062723c751e8b465ee728b)
Start importing Assets/Sprites/Effect/Flame/Flame 6/png_09.png using Guid(c1d0ffdc26700d344ac6562da14aa6e9) Importer(815301076,1909f56bfc062723c751e8b465ee728b) (PreviewImporter) -> (artifact id: '85b3246c6f0ead2da5bda8ee0d65999d') in 0.048989 seconds
Number of updated asset objects reloaded before import = 0Number of asset objects unloaded after import = 4

========================================================================
Received Import Request.
  Time since last request: 0.000066 seconds.
  path: Assets/Sprites/Effect/Flame/Flame 6/png_15.png
  artifactKey: Guid(b6f9bf41a09ded64ab56f8c5502098cb) Importer(815301076,1909f56bfc062723c751e8b465ee728b)
Start importing Assets/Sprites/Effect/Flame/Flame 6/png_15.png using Guid(b6f9bf41a09ded64ab56f8c5502098cb) Importer(815301076,1909f56bfc062723c751e8b465ee728b) (PreviewImporter) -> (artifact id: '31ff6300691820988046376ee2f55d11') in 0.0414324 seconds
Number of updated asset objects reloaded before import = 0Number of asset objects unloaded after import = 3

========================================================================
Received Import Request.
  Time since last request: 3.639819 seconds.
  path: Assets/Sprites/Effect/Flame/Flame 7/png1/1_00004.png
  artifactKey: Guid(98b8b14549321e94baa222f13a143cc5) Importer(815301076,1909f56bfc062723c751e8b465ee728b)
Start importing Assets/Sprites/Effect/Flame/Flame 7/png1/1_00004.png using Guid(98b8b14549321e94baa222f13a143cc5) Importer(815301076,1909f56bfc062723c751e8b465ee728b) (PreviewImporter) -> (artifact id: '840f74e2e3cc4790b786ffed9947b13f') in 0.0303873 seconds
Number of updated asset objects reloaded before import = 0Number of asset objects unloaded after import = 3

========================================================================
Received Import Request.
  Time since last request: 0.000025 seconds.
  path: Assets/Sprites/Effect/Flame/Flame 7/png1/1_00008.png
  artifactKey: Guid(03aab3fc7eee5894cb2e560d53580800) Importer(815301076,1909f56bfc062723c751e8b465ee728b)
Start importing Assets/Sprites/Effect/Flame/Flame 7/png1/1_00008.png using Guid(03aab3fc7eee5894cb2e560d53580800) Importer(815301076,1909f56bfc062723c751e8b465ee728b) (PreviewImporter) -> (artifact id: '1ec524e4abe8ba0ccffe418df29c4bd3') in 0.0309708 seconds
Number of updated asset objects reloaded before import = 0Number of asset objects unloaded after import = 3

========================================================================
Received Import Request.
  Time since last request: 0.000032 seconds.
  path: Assets/Sprites/Effect/Flame/Flame 7/png1/1_00012.png
  artifactKey: Guid(b12fdbf234172eb4383963445bdfd3f3) Importer(815301076,1909f56bfc062723c751e8b465ee728b)
Start importing Assets/Sprites/Effect/Flame/Flame 7/png1/1_00012.png using Guid(b12fdbf234172eb4383963445bdfd3f3) Importer(815301076,1909f56bfc062723c751e8b465ee728b) (PreviewImporter) -> (artifact id: '9a039a555941042f96d2734c192ef1e4') in 0.0385736 seconds
Number of updated asset objects reloaded before import = 0Number of asset objects unloaded after import = 3

========================================================================
Received Import Request.
  Time since last request: 0.000039 seconds.
  path: Assets/Sprites/Effect/Flame/Flame 7/png1/1_00016.png
  artifactKey: Guid(ecb4b3844ccc03e4e8576d4cb99465f9) Importer(815301076,1909f56bfc062723c751e8b465ee728b)
Start importing Assets/Sprites/Effect/Flame/Flame 7/png1/1_00016.png using Guid(ecb4b3844ccc03e4e8576d4cb99465f9) Importer(815301076,1909f56bfc062723c751e8b465ee728b) (PreviewImporter) -> (artifact id: 'f7c390d888a09e6ab3e71e3d382be305') in 0.0347126 seconds
Number of updated asset objects reloaded before import = 0Number of asset objects unloaded after import = 3

========================================================================
Received Import Request.
  Time since last request: 0.000057 seconds.
  path: Assets/Sprites/Effect/Flame/Flame 7/png1/1_00022.png
  artifactKey: Guid(f0b9b56afcd5d1e46abacf1f91bc2fbe) Importer(815301076,1909f56bfc062723c751e8b465ee728b)
Start importing Assets/Sprites/Effect/Flame/Flame 7/png1/1_00022.png using Guid(f0b9b56afcd5d1e46abacf1f91bc2fbe) Importer(815301076,1909f56bfc062723c751e8b465ee728b) (PreviewImporter) -> (artifact id: 'a6ecee7869dbc1ab0cab176683e0425c') in 0.0405705 seconds
Number of updated asset objects reloaded before import = 0Number of asset objects unloaded after import = 3

========================================================================
Received Import Request.
  Time since last request: 0.000029 seconds.
  path: Assets/Sprites/Effect/Flame/Flame 7/png1/1_00017.png
  artifactKey: Guid(a9cc24ee0e5d32c4dbb83e7b778ee373) Importer(815301076,1909f56bfc062723c751e8b465ee728b)
Start importing Assets/Sprites/Effect/Flame/Flame 7/png1/1_00017.png using Guid(a9cc24ee0e5d32c4dbb83e7b778ee373) Importer(815301076,1909f56bfc062723c751e8b465ee728b) (PreviewImporter) -> (artifact id: '50fbdab8be431b55a63f6dc89e73431b') in 0.0411221 seconds
Number of updated asset objects reloaded before import = 0Number of asset objects unloaded after import = 3

========================================================================
Received Import Request.
  Time since last request: 2.171674 seconds.
  path: Assets/Sprites/Effect/Flame/Flame 7/png2/2_00004.png
  artifactKey: Guid(84b818ffe9179224d92f9e4bbd26caf2) Importer(815301076,1909f56bfc062723c751e8b465ee728b)
Start importing Assets/Sprites/Effect/Flame/Flame 7/png2/2_00004.png using Guid(84b818ffe9179224d92f9e4bbd26caf2) Importer(815301076,1909f56bfc062723c751e8b465ee728b) (PreviewImporter) -> (artifact id: 'd3b7f9819b66f3e2aea76264dc10ddf3') in 0.0392671 seconds
Number of updated asset objects reloaded before import = 0Number of asset objects unloaded after import = 5

========================================================================
Received Import Request.
  Time since last request: 0.000027 seconds.
  path: Assets/Sprites/Effect/Flame/Flame 7/png2/2_00008.png
  artifactKey: Guid(d915e0a6c72df77418de991c6eff165a) Importer(815301076,1909f56bfc062723c751e8b465ee728b)
Start importing Assets/Sprites/Effect/Flame/Flame 7/png2/2_00008.png using Guid(d915e0a6c72df77418de991c6eff165a) Importer(815301076,1909f56bfc062723c751e8b465ee728b) (PreviewImporter) -> (artifact id: '1289e293461400745c98799124fe24e9') in 0.0403112 seconds
Number of updated asset objects reloaded before import = 0Number of asset objects unloaded after import = 5

========================================================================
Received Import Request.
  Time since last request: 0.000029 seconds.
  path: Assets/Sprites/Effect/Flame/Flame 7/png2/2_00010.png
  artifactKey: Guid(532a7a15b0324a6478eff12f01856bb7) Importer(815301076,1909f56bfc062723c751e8b465ee728b)
Start importing Assets/Sprites/Effect/Flame/Flame 7/png2/2_00010.png using Guid(532a7a15b0324a6478eff12f01856bb7) Importer(815301076,1909f56bfc062723c751e8b465ee728b) (PreviewImporter) -> (artifact id: 'c67245a0cfb5d7df4f63ec60383adfd6') in 0.0430529 seconds
Number of updated asset objects reloaded before import = 0Number of asset objects unloaded after import = 5

========================================================================
Received Import Request.
  Time since last request: 0.000054 seconds.
  path: Assets/Sprites/Effect/Flame/Flame 7/png2/2_00017.png
  artifactKey: Guid(d0c8b1625346f994fbefb6efdac05797) Importer(815301076,1909f56bfc062723c751e8b465ee728b)
Start importing Assets/Sprites/Effect/Flame/Flame 7/png2/2_00017.png using Guid(d0c8b1625346f994fbefb6efdac05797) Importer(815301076,1909f56bfc062723c751e8b465ee728b) (PreviewImporter) -> (artifact id: 'dcd65d976e387734cf722d3f786f3f27') in 0.0414977 seconds
Number of updated asset objects reloaded before import = 0Number of asset objects unloaded after import = 5

========================================================================
Received Import Request.
  Time since last request: 0.000050 seconds.
  path: Assets/Sprites/Effect/Flame/Flame 7/png2/2_00023.png
  artifactKey: Guid(4b17f9725c2aec5439e8a6ce6060e130) Importer(815301076,1909f56bfc062723c751e8b465ee728b)
Start importing Assets/Sprites/Effect/Flame/Flame 7/png2/2_00023.png using Guid(4b17f9725c2aec5439e8a6ce6060e130) Importer(815301076,1909f56bfc062723c751e8b465ee728b) (PreviewImporter) -> (artifact id: 'c66846070a0cc59e49a705266fe05609') in 0.0510988 seconds
Number of updated asset objects reloaded before import = 0Number of asset objects unloaded after import = 5

========================================================================
Received Import Request.
  Time since last request: 0.000045 seconds.
  path: Assets/Sprites/Effect/Flame/Flame 7/png2/2_00013.png
  artifactKey: Guid(5aac85992d2ad3d42b8eecba66ca5e5f) Importer(815301076,1909f56bfc062723c751e8b465ee728b)
Start importing Assets/Sprites/Effect/Flame/Flame 7/png2/2_00013.png using Guid(5aac85992d2ad3d42b8eecba66ca5e5f) Importer(815301076,1909f56bfc062723c751e8b465ee728b) (PreviewImporter) -> (artifact id: 'e0158c48b7857f4ab760913cfea0eaea') in 0.0507601 seconds
Number of updated asset objects reloaded before import = 0Number of asset objects unloaded after import = 5

========================================================================
Received Import Request.
  Time since last request: 2.172765 seconds.
  path: Assets/Sprites/Effect/Flame/Flame 8/png_03.png
  artifactKey: Guid(e941c79624b9b8d45bd331b509d70b17) Importer(815301076,1909f56bfc062723c751e8b465ee728b)
Start importing Assets/Sprites/Effect/Flame/Flame 8/png_03.png using Guid(e941c79624b9b8d45bd331b509d70b17) Importer(815301076,1909f56bfc062723c751e8b465ee728b) (PreviewImporter) -> (artifact id: '80b54bab726345d3758d7a449b5ce225') in 0.0360541 seconds
Number of updated asset objects reloaded before import = 0Number of asset objects unloaded after import = 3

========================================================================
Received Import Request.
  Time since last request: 0.000048 seconds.
  path: Assets/Sprites/Effect/Flame/Flame 8/png_07.png
  artifactKey: Guid(d2680541813564f49b804d57cef1fbfb) Importer(815301076,1909f56bfc062723c751e8b465ee728b)
Start importing Assets/Sprites/Effect/Flame/Flame 8/png_07.png using Guid(d2680541813564f49b804d57cef1fbfb) Importer(815301076,1909f56bfc062723c751e8b465ee728b) (PreviewImporter) -> (artifact id: '7e2d5dd541b16bd23904dd21fbd41ae5') in 0.0451328 seconds
Number of updated asset objects reloaded before import = 0Number of asset objects unloaded after import = 3

========================================================================
Received Import Request.
  Time since last request: 0.000043 seconds.
  path: Assets/Sprites/Effect/Flame/Flame 8/png_12.png
  artifactKey: Guid(3ace18da3c6c310419b152286bcd951d) Importer(815301076,1909f56bfc062723c751e8b465ee728b)
Start importing Assets/Sprites/Effect/Flame/Flame 8/png_12.png using Guid(3ace18da3c6c310419b152286bcd951d) Importer(815301076,1909f56bfc062723c751e8b465ee728b) (PreviewImporter) -> (artifact id: 'df3fcecf0f8872a64e8fba302d2db1f3') in 0.0343478 seconds
Number of updated asset objects reloaded before import = 0Number of asset objects unloaded after import = 3

========================================================================
Received Import Request.
  Time since last request: 0.000029 seconds.
  path: Assets/Sprites/Effect/Flame/Flame 8/png_14.png
  artifactKey: Guid(986b1477a45fabb4f91f1dd58f95fecc) Importer(815301076,1909f56bfc062723c751e8b465ee728b)
Start importing Assets/Sprites/Effect/Flame/Flame 8/png_14.png using Guid(986b1477a45fabb4f91f1dd58f95fecc) Importer(815301076,1909f56bfc062723c751e8b465ee728b) (PreviewImporter) -> (artifact id: '524b3f1b34d42668634d226f8f461586') in 0.0374965 seconds
Number of updated asset objects reloaded before import = 0Number of asset objects unloaded after import = 3

========================================================================
Received Import Request.
  Time since last request: 0.000026 seconds.
  path: Assets/Sprites/Effect/Flame/Flame 8/png_22.png
  artifactKey: Guid(f1557bc7e8471a44297e665f80c6438c) Importer(815301076,1909f56bfc062723c751e8b465ee728b)
Start importing Assets/Sprites/Effect/Flame/Flame 8/png_22.png using Guid(f1557bc7e8471a44297e665f80c6438c) Importer(815301076,1909f56bfc062723c751e8b465ee728b) (PreviewImporter) -> (artifact id: '2ce9d6fe8eea14c7b92d09ae5ebb3694') in 0.0402235 seconds
Number of updated asset objects reloaded before import = 0Number of asset objects unloaded after import = 3

========================================================================
Received Import Request.
  Time since last request: 0.000029 seconds.
  path: Assets/Sprites/Effect/Flame/Flame 8/png_28.png
  artifactKey: Guid(9121c26e4b8128546b4b38b7c04b9280) Importer(815301076,1909f56bfc062723c751e8b465ee728b)
Start importing Assets/Sprites/Effect/Flame/Flame 8/png_28.png using Guid(9121c26e4b8128546b4b38b7c04b9280) Importer(815301076,1909f56bfc062723c751e8b465ee728b) (PreviewImporter) -> (artifact id: '2a67515e6d7c1d1812c57721999ce7ee') in 0.0384962 seconds
Number of updated asset objects reloaded before import = 0Number of asset objects unloaded after import = 3

========================================================================
Received Import Request.
  Time since last request: 0.000056 seconds.
  path: Assets/Sprites/Effect/Flame/Flame 8/png_31.png
  artifactKey: Guid(d54adb12f91c3b047bdbf2da71971548) Importer(815301076,1909f56bfc062723c751e8b465ee728b)
Start importing Assets/Sprites/Effect/Flame/Flame 8/png_31.png using Guid(d54adb12f91c3b047bdbf2da71971548) Importer(815301076,1909f56bfc062723c751e8b465ee728b) (PreviewImporter) -> (artifact id: 'b74548254e971d6cc26f781b53c0e11b') in 0.0477017 seconds
Number of updated asset objects reloaded before import = 0Number of asset objects unloaded after import = 3

========================================================================
Received Import Request.
  Time since last request: 0.000042 seconds.
  path: Assets/Sprites/Effect/Flame/Flame 8/png_18.png
  artifactKey: Guid(adc2e2e825a01544984322580cebe798) Importer(815301076,1909f56bfc062723c751e8b465ee728b)
Start importing Assets/Sprites/Effect/Flame/Flame 8/png_18.png using Guid(adc2e2e825a01544984322580cebe798) Importer(815301076,1909f56bfc062723c751e8b465ee728b) (PreviewImporter) -> (artifact id: 'f8294e489d30d0bfb324641f6027e935') in 0.0436038 seconds
Number of updated asset objects reloaded before import = 0Number of asset objects unloaded after import = 3

========================================================================
Received Import Request.
  Time since last request: 2.763951 seconds.
  path: Assets/Sprites/Effect/Flame/Flame 9/03.png
  artifactKey: Guid(d9ce1965cd6c7144ea194ec162d6c499) Importer(815301076,1909f56bfc062723c751e8b465ee728b)
Start importing Assets/Sprites/Effect/Flame/Flame 9/03.png using Guid(d9ce1965cd6c7144ea194ec162d6c499) Importer(815301076,1909f56bfc062723c751e8b465ee728b) (PreviewImporter) -> (artifact id: 'c80d163a0be9c47c4fc17a5ff271bb3e') in 0.0880445 seconds
Number of updated asset objects reloaded before import = 0Number of asset objects unloaded after import = 3

========================================================================
Received Import Request.
  Time since last request: 0.000076 seconds.
  path: Assets/Sprites/Effect/Flame/Flame 9/07.png
  artifactKey: Guid(5f2951458735e63479cea985a4afdf14) Importer(815301076,1909f56bfc062723c751e8b465ee728b)
Start importing Assets/Sprites/Effect/Flame/Flame 9/07.png using Guid(5f2951458735e63479cea985a4afdf14) Importer(815301076,1909f56bfc062723c751e8b465ee728b) (PreviewImporter) -> (artifact id: '54512c1a39155cd03590de614b2ca117') in 0.0955113 seconds
Number of updated asset objects reloaded before import = 0Number of asset objects unloaded after import = 3

========================================================================
Received Import Request.
  Time since last request: 0.000049 seconds.
  path: Assets/Sprites/Effect/Flame/Flame 9/14.png
  artifactKey: Guid(fc4251b3cf380d8468d9098b2d0109b8) Importer(815301076,1909f56bfc062723c751e8b465ee728b)
Start importing Assets/Sprites/Effect/Flame/Flame 9/14.png using Guid(fc4251b3cf380d8468d9098b2d0109b8) Importer(815301076,1909f56bfc062723c751e8b465ee728b) (PreviewImporter) -> (artifact id: '26194db25feb17d6a02dbd45862cacd3') in 0.0411526 seconds
Number of updated asset objects reloaded before import = 0Number of asset objects unloaded after import = 3

========================================================================
Received Import Request.
  Time since last request: 0.000050 seconds.
  path: Assets/Sprites/Effect/Flame/Flame 9/20.png
  artifactKey: Guid(c970abeea05cb9c469e3237f3b71763e) Importer(815301076,1909f56bfc062723c751e8b465ee728b)
Start importing Assets/Sprites/Effect/Flame/Flame 9/20.png using Guid(c970abeea05cb9c469e3237f3b71763e) Importer(815301076,1909f56bfc062723c751e8b465ee728b) (PreviewImporter) -> (artifact id: '851af2aba7e376732ed1f25444906375') in 0.1052912 seconds
Number of updated asset objects reloaded before import = 0Number of asset objects unloaded after import = 15

========================================================================
Received Import Request.
  Time since last request: 0.000037 seconds.
  path: Assets/Sprites/Effect/Flame/Flame 9/28.png
  artifactKey: Guid(ab5d067b80129df4ea9b2cb1486f37ab) Importer(815301076,1909f56bfc062723c751e8b465ee728b)
Start importing Assets/Sprites/Effect/Flame/Flame 9/28.png using Guid(ab5d067b80129df4ea9b2cb1486f37ab) Importer(815301076,1909f56bfc062723c751e8b465ee728b) (PreviewImporter) -> (artifact id: '3ba73a01edf0796982cc4f183c5f87fa') in 0.0693937 seconds
Number of updated asset objects reloaded before import = 0Number of asset objects unloaded after import = 5

========================================================================
Received Import Request.
  Time since last request: 0.000050 seconds.
  path: Assets/Sprites/Effect/Flame/Flame 9/09.png
  artifactKey: Guid(6995c7a60857067459ffdf2c7980e5fb) Importer(815301076,1909f56bfc062723c751e8b465ee728b)
Start importing Assets/Sprites/Effect/Flame/Flame 9/09.png using Guid(6995c7a60857067459ffdf2c7980e5fb) Importer(815301076,1909f56bfc062723c751e8b465ee728b) (PreviewImporter) -> (artifact id: '9212ad08dd49dc9125d58713c65506a4') in 0.05885 seconds
Number of updated asset objects reloaded before import = 0Number of asset objects unloaded after import = 3

========================================================================
Received Import Request.
  Time since last request: 0.000069 seconds.
  path: Assets/Sprites/Effect/Flame/Flame 9/23.png
  artifactKey: Guid(1429769cf00b8ca4f8f58c1b9c8d9abf) Importer(815301076,1909f56bfc062723c751e8b465ee728b)
Start importing Assets/Sprites/Effect/Flame/Flame 9/23.png using Guid(1429769cf00b8ca4f8f58c1b9c8d9abf) Importer(815301076,1909f56bfc062723c751e8b465ee728b) (PreviewImporter) -> (artifact id: 'f1b9c84f900a4f64658f5a89672b345a') in 0.098557 seconds
Number of updated asset objects reloaded before import = 0Number of asset objects unloaded after import = 10

Editor requested this worker to shutdown with reason: Scaling down because of idle timeout
AssetImportWorker is now disconnected from the server
Process exiting
Exiting without the bug reporter. Application will terminate with return code 0